www.baidu.com	KVJDINSJBNSJBNJ939302	2018-01-05 10:17:10
www.baidu.com	DNBVKJNBJFNHDBJHSDNKJI889	2018-01-05 10:15:10
www.baidu.com	NVDIUSHRIUURVREE8HVID8989	2018-01-05 10:13:10
www.baidu.com	DNBVKJNBJFNHDBJHSDNKJI889	2018-01-05 10:19:10
www.baidu.com	DKNVJKDNVJ34UT834UH	2018-01-05 10:19:10
www.baidu.com	NVDIUSHRIUURVREE8HVID8989	2018-01-05 10:13:10
www.baidu.com	DKNVJKDNVJ34UT834UH	2018-01-05 10:15:10
www.baidu.com	SDKVNDJKBNDJ28978	2018-01-05 10:19:10
www.baidu.com	KVJDINSJBNSJBNJ939302	2018-01-05 10:13:10
www.baidu.com	DNBVKJNBJFNHDBJHSDNKJI889	2018-01-05 10:13:10
www.baidu.com	KVJDINSJBNSJBNJ939302	2018-01-05 10:15:10
www.baidu.com	SDKVNDJKBNDJ28978	2018-01-05 10:13:10
www.baidu.com	NVDIUSHRIUURVREE8HVID8989	2018-01-05 10:17:10
www.baidu.com	DNBVKJNBJFNHDBJHSDNKJI889	2018-01-05 10:17:10
www.baidu.com	KVJDINSJBNSJBNJ939302	2018-01-05 10:10:10
www.baidu.com	SDKVNDJKBNDJ28978	2018-01-05 10:10:10
www.baidu.com	SDKVNDJKBNDJ28978	2018-01-05 10:19:10
www.baidu.com	SDKVNDJKBNDJ28978	2018-01-05 10:19:10
www.baidu.com	KVJDINSJBNSJBNJ939302	2018-01-05 10:10:10
www.baidu.com	NVDIUSHRIUURVREE8HVID8989	2018-01-05 10:17:10
www.baidu.com	DNBVKJNBJFNHDBJHSDNKJI889	2018-01-05 10:10:10
www.baidu.com	NVDIUSHRIUURVREE8HVID8989	2018-01-05 10:13:10
www.baidu.com	DKNVJKDNVJ34UT834UH	2018-01-05 10:19:10
www.baidu.com	DNBVKJNBJFNHDBJHSDNKJI889	2018-01-05 10:13:10
www.baidu.com	NVDIUSHRIUURVREE8HVID8989	2018-01-05 10:19:10
www.baidu.com	DNBVKJNBJFNHDBJHSDNKJI889	2018-01-05 10:10:10
www.baidu.com	NVDIUSHRIUURVREE8HVID8989	2018-01-05 10:19:10
www.baidu.com	NVDIUSHRIUURVREE8HVID8989	2018-01-05 10:10:10
www.baidu.com	KVJDINSJBNSJBNJ939302	2018-01-05 10:10:10
www.baidu.com	DNBVKJNBJFNHDBJHSDNKJI889	2018-01-05 10:10:10
www.baidu.com	DKNVJKDNVJ34UT834UH	2018-01-05 10:15:10
www.baidu.com	DKNVJKDNVJ34UT834UH	2018-01-05 10:17:10
www.baidu.com	SDKVNDJKBNDJ28978	2018-01-05 10:10:10
www.baidu.com	DNBVKJNBJFNHDBJHSDNKJI889	2018-01-05 10:17:10
www.baidu.com	DKNVJKDNVJ34UT834UH	2018-01-05 10:10:10
www.baidu.com	DNBVKJNBJFNHDBJHSDNKJI889	2018-01-05 10:13:10
www.baidu.com	NVDIUSHRIUURVREE8HVID8989	2018-01-05 10:15:10
www.baidu.com	DNBVKJNBJFNHDBJHSDNKJI889	2018-01-05 10:15:10
www.baidu.com	SDKVNDJKBNDJ28978	2018-01-05 10:17:10
www.baidu.com	SDKVNDJKBNDJ28978	2018-01-05 10:10:10
www.baidu.com	DKNVJKDNVJ34UT834UH	2018-01-05 10:17:10
www.baidu.com	KVJDINSJBNSJBNJ939302	2018-01-05 10:19:10
www.baidu.com	KVJDINSJBNSJBNJ939302	2018-01-05 10:15:10
www.baidu.com	KVJDINSJBNSJBNJ939302	2018-01-05 10:10:10
www.baidu.com	KVJDINSJBNSJBNJ939302	2018-01-05 10:17:10
www.baidu.com	KVJDINSJBNSJBNJ939302	2018-01-05 10:15:10
www.baidu.com	KVJDINSJBNSJBNJ939302	2018-01-05 10:17:10
www.baidu.com	DNBVKJNBJFNHDBJHSDNKJI889	2018-01-05 10:19:10
www.baidu.com	NVDIUSHRIUURVREE8HVID8989	2018-01-05 10:15:10
www.baidu.com	DNBVKJNBJFNHDBJHSDNKJI889	2018-01-05 10:17:10
www.baidu.com	DNBVKJNBJFNHDBJHSDNKJI889	2018-01-05 10:17:10
